[    1361ms] [INFO] %c[libdiscore] 
font-weight: bold;
color: purple;
 [experiment_manager] Loaded experiments from cache @ https://discord.com/assets/sentry.e97f400397346ab5.js:14
[    1441ms] [LOG] %c[ProcessUtilsElectron] 
font-weight: bold;
color: purple;
 setMemoryInformation not available. @ https://discord.com/assets/sentry.e97f400397346ab5.js:14
[    1685ms] [LOG] %c[default] 
font-weight: bold;
color: purple;
 [BUILD INFO] Release Channel: stable, Build Number: 521447, Version Hash: 0a85fd49b14e52a3d91f07fe4d6d4e0d0d5abff9 @ https://discord.com/assets/sentry.e97f400397346ab5.js:14
[    1687ms] [LOG] AppCrashedFatalReport: getLastCrash not supported. @ https://discord.com/assets/sentry.e97f400397346ab5.js:14
[    2111ms] [INFO] %c[libdiscore] 
font-weight: bold;
color: purple;
 The answer for life the universe and everything is: 42 @ https://discord.com/assets/sentry.e97f400397346ab5.js:14
[    2551ms] [ERROR] Failed to load resource: the server responded with a status of 401 () @ https://discord.com/api/v9/promotions?locale=en-US&platform=0:0
[    5988ms] [WARNING] The resource https://discord.com/assets/189422196a4f8b53.woff2 was preloaded using link preload but not used within a few seconds from the window's load event. Please make sure it has an appropriate `as` value and it is preloaded intentionally. @ https://discord.com/channels/@me:0
[    5988ms] [WARNING] The resource https://discord.com/assets/ce3b8055f5114434.woff2 was preloaded using link preload but not used within a few seconds from the window's load event. Please make sure it has an appropriate `as` value and it is preloaded intentionally. @ https://discord.com/channels/@me:0
[    5988ms] [WARNING] The resource https://discord.com/assets/cb2006dbced0e246.woff2 was preloaded using link preload but not used within a few seconds from the window's load event. Please make sure it has an appropriate `as` value and it is preloaded intentionally. @ https://discord.com/channels/@me:0
[    5988ms] [WARNING] The resource https://discord.com/assets/7a6a566c2e88a35d.woff2 was preloaded using link preload but not used within a few seconds from the window's load event. Please make sure it has an appropriate `as` value and it is preloaded intentionally. @ https://discord.com/channels/@me:0
[    5988ms] [WARNING] The resource https://discord.com/assets/e52f0cba712e2fb4.woff2 was preloaded using link preload but not used within a few seconds from the window's load event. Please make sure it has an appropriate `as` value and it is preloaded intentionally. @ https://discord.com/channels/@me:0
[    5988ms] [WARNING] The resource https://discord.com/assets/dd24010f3cf7def7.woff2 was preloaded using link preload but not used within a few seconds from the window's load event. Please make sure it has an appropriate `as` value and it is preloaded intentionally. @ https://discord.com/channels/@me:0
[    8456ms] [LOG] %c[Routing/Utils] 
font-weight: bold;
color: purple;
 transitionTo - Transitioning to /login?redirect_to=%2Fchannels%2F%40me @ https://discord.com/assets/sentry.e97f400397346ab5.js:14
[    8485ms] [INFO] %c[useAuthWebsocket] 
font-weight: bold;
color: purple;
 [0ms] connecting to wss://remote-auth-gateway.discord.gg/?v=2 @ https://discord.com/assets/sentry.e97f400397346ab5.js:14
[    8878ms] [INFO] %c[useAuthWebsocket] 
font-weight: bold;
color: purple;
 [394ms] got hello, auth timeout=333561ms @ https://discord.com/assets/sentry.e97f400397346ab5.js:14
[    9050ms] [INFO] %c[useAuthWebsocket] 
font-weight: bold;
color: purple;
 [566ms] connected, handshaking with fingerprint: ILpvc8VsbTgus1aVacUgvsZXJWFBK46g24NI8uY5kOw @ https://discord.com/assets/sentry.e97f400397346ab5.js:14
[    9099ms] [INFO] %c[useAuthWebsocket] 
font-weight: bold;
color: purple;
 [615ms] computed nonce proof @ https://discord.com/assets/sentry.e97f400397346ab5.js:14
[    9146ms] [INFO] %c[useAuthWebsocket] 
font-weight: bold;
color: purple;
 [663ms] handshake complete awaiting remote auth. @ https://discord.com/assets/sentry.e97f400397346ab5.js:14
[   12163ms] [WARNING] The resource https://discord.com/assets/189422196a4f8b53.woff2 was preloaded using link preload but not used within a few seconds from the window's load event. Please make sure it has an appropriate `as` value and it is preloaded intentionally. @ https://discord.com/login?redirect_to=%2Fchannels%2F%40me:0
[   12163ms] [WARNING] The resource https://discord.com/assets/ce3b8055f5114434.woff2 was preloaded using link preload but not used within a few seconds from the window's load event. Please make sure it has an appropriate `as` value and it is preloaded intentionally. @ https://discord.com/login?redirect_to=%2Fchannels%2F%40me:0
[   12163ms] [WARNING] The resource https://discord.com/assets/cb2006dbced0e246.woff2 was preloaded using link preload but not used within a few seconds from the window's load event. Please make sure it has an appropriate `as` value and it is preloaded intentionally. @ https://discord.com/login?redirect_to=%2Fchannels%2F%40me:0
[   12163ms] [WARNING] The resource https://discord.com/assets/7a6a566c2e88a35d.woff2 was preloaded using link preload but not used within a few seconds from the window's load event. Please make sure it has an appropriate `as` value and it is preloaded intentionally. @ https://discord.com/login?redirect_to=%2Fchannels%2F%40me:0
[   12163ms] [WARNING] The resource https://discord.com/assets/e52f0cba712e2fb4.woff2 was preloaded using link preload but not used within a few seconds from the window's load event. Please make sure it has an appropriate `as` value and it is preloaded intentionally. @ https://discord.com/login?redirect_to=%2Fchannels%2F%40me:0
[   12163ms] [WARNING] The resource https://discord.com/assets/dd24010f3cf7def7.woff2 was preloaded using link preload but not used within a few seconds from the window's load event. Please make sure it has an appropriate `as` value and it is preloaded intentionally. @ https://discord.com/login?redirect_to=%2Fchannels%2F%40me:0
[   22759ms] [LOG] %c[Flux] 
font-weight: bold;
color: purple;
 Dispatching LOGIN @ https://discord.com/assets/sentry.e97f400397346ab5.js:14
[   22801ms] Starting password login
[   23215ms] [LOG] %c[Flux] 
font-weight: bold;
color: purple;
 Dispatching LOGIN_SUCCESS @ https://discord.com/assets/sentry.e97f400397346ab5.js:14
[   23223ms] [LOG] %c[Routing/Utils] 
font-weight: bold;
color: purple;
 transitionTo - Transitioning to /app @ https://discord.com/assets/sentry.e97f400397346ab5.js:14
[   23250ms] [INFO] %c[useAuthWebsocket] 
font-weight: bold;
color: purple;
 [14766ms] cleaning up @ https://discord.com/assets/sentry.e97f400397346ab5.js:14
[   23254ms] [ERROR] %c[KeybindsStore] 
font-weight: bold;
color: purple;
 [kb store] KeybindStore: Looking for callback action TOGGLE_OVERLAY_INPUT_LOCK but it doesn't exist in this version. Skipping @ https://discord.com/assets/sentry.e97f400397346ab5.js:14
[   23254ms] [ERROR] %c[KeybindsStore] 
font-weight: bold;
color: purple;
 [kb store] KeybindStore: Looking for callback action SOUNDBOARD_HOLD but it doesn't exist in this version. Skipping @ https://discord.com/assets/sentry.e97f400397346ab5.js:14
[   23254ms] [ERROR] %c[KeybindsStore] 
font-weight: bold;
color: purple;
 [kb store] KeybindStore: Looking for callback action SAVE_CLIP but it doesn't exist in this version. Skipping @ https://discord.com/assets/sentry.e97f400397346ab5.js:14
[   23255ms] [ERROR] %c[KeybindsStore] 
font-weight: bold;
color: purple;
 [kb store] KeybindStore: Looking for callback action SAVE_SCREENSHOT but it doesn't exist in this version. Skipping @ https://discord.com/assets/sentry.e97f400397346ab5.js:14
[   23589ms] [INFO] %c[GatewaySocket] 
font-weight: bold;
color: purple;
 [CONNECT] wss://gateway.discord.gg, encoding: json, version: 9, compression: zlib-stream @ https://discord.com/assets/sentry.e97f400397346ab5.js:14
[   23755ms] [INFO] %c[GatewaySocket] 
font-weight: bold;
color: purple;
 [CONNECTED] wss://gateway.discord.gg/?encoding=json&v=9&compress=zlib-stream in 165 ms @ https://discord.com/assets/sentry.e97f400397346ab5.js:14
[   25699ms] [INFO] %c[GatewaySocket] 
font-weight: bold;
color: purple;
 [READY] took 2110ms, as 6f868db19200b4892adfa5e252c1ef9b @ https://discord.com/assets/sentry.e97f400397346ab5.js:14
[   25733ms] [LOG] %c[Flux] 
font-weight: bold;
color: purple;
 Dispatching CONNECTION_OPEN @ https://discord.com/assets/sentry.e97f400397346ab5.js:14
[   25739ms] [LOG] %c[DatabaseManager] 
font-weight: bold;
color: purple;
 removing database (user: 737104174776582165, database: undefined) @ https://discord.com/assets/sentry.e97f400397346ab5.js:14
[   26132ms] [ERROR] Failed to load resource: the server responded with a status of 429 () @ https://discord.com/api/v9/users/@me/survey?disable_auto_seen=true:0
[   26137ms] [ERROR] Failed to load resource: the server responded with a status of 404 () @ https://discord.com/api/v9/users/@me/referrals/eligibility:0
[   26158ms] [INFO] %c[GatewaySocket] 
font-weight: bold;
color: purple;
 [READY_SUPPLEMENTAL] took 2568ms @ https://discord.com/assets/sentry.e97f400397346ab5.js:14
[   28235ms] [INFO] %c[OverlayKeybindExperimentManager] 
font-weight: bold;
color: purple;
 Experiments initializing... @ https://discord.com/assets/sentry.e97f400397346ab5.js:14
[   28255ms] [INFO] %c[OverlayKeybindExperimentManager] 
font-weight: bold;
color: purple;
 Experiments initialized @ https://discord.com/assets/sentry.e97f400397346ab5.js:14
[   28312ms] [ERROR] Failed to load resource: the server responded with a status of 404 () @ https://discord.com/assets/version.stable.json?_=5917026:0
[   28334ms] [ERROR] Failed to load resource: the server responded with a status of 404 () @ https://discord.com/api/v9/users/@me/billing/user-offer:0
[   28427ms] [INFO] %c[LibDaveManager] 
font-weight: bold;
color: purple;
 DAVE loaded @ https://discord.com/assets/sentry.e97f400397346ab5.js:14
[   28428ms] [INFO] %c[LibDaveManager] 
font-weight: bold;
color: purple;
 Successfully initialized DAVE @ https://discord.com/assets/sentry.e97f400397346ab5.js:14
[   28428ms] [INFO] %c[MediaEngineWebRTC] 
font-weight: bold;
color: purple;
 Successfully initialized DAVE, version: 1 @ https://discord.com/assets/sentry.e97f400397346ab5.js:14
[   32513ms] [WARNING] AnalyticsTrackImpressionContext function unimplemented @ https://discord.com/assets/sentry.e97f400397346ab5.js:14
[   32846ms] [WARNING] AnalyticsTrackImpressionContext function unimplemented @ https://discord.com/assets/sentry.e97f400397346ab5.js:14
[   33778ms] [WARNING] AnalyticsTrackImpressionContext function unimplemented @ https://discord.com/assets/sentry.e97f400397346ab5.js:14
[   33780ms] [LOG] %c[discord_protos.discord_users.v1.FrecencyUserSettings] 
font-weight: bold;
color: purple;
 Loading proto @ https://discord.com/assets/sentry.e97f400397346ab5.js:14
[   33782ms] [WARNING] AnalyticsTrackImpressionContext function unimplemented @ https://discord.com/assets/sentry.e97f400397346ab5.js:14
[   33910ms] [WARNING] AnalyticsTrackImpressionContext function unimplemented @ https://discord.com/assets/sentry.e97f400397346ab5.js:14
[   33927ms] [WARNING] AnalyticsTrackImpressionContext function unimplemented @ https://discord.com/assets/sentry.e97f400397346ab5.js:14
[   33954ms] [WARNING] AnalyticsTrackImpressionContext function unimplemented @ https://discord.com/assets/sentry.e97f400397346ab5.js:14
[   34024ms] [WARNING] AnalyticsTrackImpressionContext function unimplemented @ https://discord.com/assets/sentry.e97f400397346ab5.js:14
[   34115ms] [WARNING] AnalyticsTrackImpressionContext function unimplemented @ https://discord.com/assets/sentry.e97f400397346ab5.js:14
[   34934ms] [WARNING] AnalyticsTrackImpressionContext function unimplemented @ https://discord.com/assets/sentry.e97f400397346ab5.js:14
[   35501ms] [LOG] %c[Routing/Utils] 
font-weight: bold;
color: purple;
 transitionTo - Transitioning to /channels/1001852729725046804/1476867246000177162 @ https://discord.com/assets/sentry.e97f400397346ab5.js:14
[   35505ms] [LOG] %c[MessageActionCreators] 
font-weight: bold;
color: purple;
 Fetching messages for 1476867246000177162 between undefined and undefined. jump={"jumpType":"ANIMATED"} @ https://discord.com/assets/sentry.e97f400397346ab5.js:14
[   35597ms] [WARNING] AnalyticsTrackImpressionContext function unimplemented @ https://discord.com/assets/sentry.e97f400397346ab5.js:14
[   35706ms] [LOG] %c[MessageActionCreators] 
font-weight: bold;
color: purple;
 Fetched 10 messages for 1476867246000177162 isBefore:false isAfter:false @ https://discord.com/assets/sentry.e97f400397346ab5.js:14
[   35712ms] [INFO] %c[ChannelMessages] 
font-weight: bold;
color: purple;
 loadComplete: resetting state for channelId=1476867246000177162, sending.length=0 @ https://discord.com/assets/sentry.e97f400397346ab5.js:14
[   35770ms] [LOG] %c[ReadStateStore] 
font-weight: bold;
color: purple;
 Deleting ReadState 934245277639016579 0 {remote: true, persisted: true, channelMissing: true, isOld: true, validType: false} @ https://discord.com/assets/sentry.e97f400397346ab5.js:14
[   35871ms] [LOG] %c[ReadStateStore] 
font-weight: bold;
color: purple;
 Deleting ReadState 1366457362361094277 0 {remote: true, persisted: true, channelMissing: true, isOld: true, validType: false} @ https://discord.com/assets/sentry.e97f400397346ab5.js:14
[   37064ms] [LOG] %c[MessageActionCreators] 
font-weight: bold;
color: purple;
 Fetching messages for 1476867343068958781 between undefined and undefined. jump={"jumpType":"ANIMATED"} @ https://discord.com/assets/sentry.e97f400397346ab5.js:14
[   37129ms] [LOG] %c[Routing/Utils] 
font-weight: bold;
color: purple;
 transitionTo - Transitioning to /channels/1001852729725046804/1476867343068958781 @ https://discord.com/assets/sentry.e97f400397346ab5.js:14
[   37204ms] [LOG] %c[MessageActionCreators] 
font-weight: bold;
color: purple;
 Fetched 10 messages for 1476867343068958781 isBefore:false isAfter:false @ https://discord.com/assets/sentry.e97f400397346ab5.js:14
[   37204ms] [INFO] %c[ChannelMessages] 
font-weight: bold;
color: purple;
 loadComplete: resetting state for channelId=1476867343068958781, sending.length=0 @ https://discord.com/assets/sentry.e97f400397346ab5.js:14
[   38539ms] [INFO] %c[libdiscore] 
font-weight: bold;
color: purple;
 [BlockedDomainsStore] Successfully fetched blocked domains @ https://discord.com/assets/sentry.e97f400397346ab5.js:14
[   43340ms] [WARNING] The resource https://discord.com/assets/189422196a4f8b53.woff2 was preloaded using link preload but not used within a few seconds from the window's load event. Please make sure it has an appropriate `as` value and it is preloaded intentionally. @ https://discord.com/channels/1001852729725046804/1476867343068958781:0
[   43340ms] [WARNING] The resource https://discord.com/assets/ce3b8055f5114434.woff2 was preloaded using link preload but not used within a few seconds from the window's load event. Please make sure it has an appropriate `as` value and it is preloaded intentionally. @ https://discord.com/channels/1001852729725046804/1476867343068958781:0
[   43340ms] [WARNING] The resource https://discord.com/assets/cb2006dbced0e246.woff2 was preloaded using link preload but not used within a few seconds from the window's load event. Please make sure it has an appropriate `as` value and it is preloaded intentionally. @ https://discord.com/channels/1001852729725046804/1476867343068958781:0
[   43340ms] [WARNING] The resource https://discord.com/assets/7a6a566c2e88a35d.woff2 was preloaded using link preload but not used within a few seconds from the window's load event. Please make sure it has an appropriate `as` value and it is preloaded intentionally. @ https://discord.com/channels/1001852729725046804/1476867343068958781:0
[   43340ms] [WARNING] The resource https://discord.com/assets/e52f0cba712e2fb4.woff2 was preloaded using link preload but not used within a few seconds from the window's load event. Please make sure it has an appropriate `as` value and it is preloaded intentionally. @ https://discord.com/channels/1001852729725046804/1476867343068958781:0
[   43341ms] [WARNING] The resource https://discord.com/assets/dd24010f3cf7def7.woff2 was preloaded using link preload but not used within a few seconds from the window's load event. Please make sure it has an appropriate `as` value and it is preloaded intentionally. @ https://discord.com/channels/1001852729725046804/1476867343068958781:0
[   50958ms] [LOG] %c[MessageActionCreators] 
font-weight: bold;
color: purple;
 Fetching messages for 1476867343068958781 between undefined and 1489118014073864273. jump=undefined @ https://discord.com/assets/sentry.e97f400397346ab5.js:14
[   51173ms] [LOG] %c[MessageActionCreators] 
font-weight: bold;
color: purple;
 Fetched 20 messages for 1476867343068958781 isBefore:true isAfter:false @ https://discord.com/assets/sentry.e97f400397346ab5.js:14
[   54471ms] [WARNING] The resource https://discord.com/assets/189422196a4f8b53.woff2 was preloaded using link preload but not used within a few seconds from the window's load event. Please make sure it has an appropriate `as` value and it is preloaded intentionally. @ https://discord.com/channels/1001852729725046804/1476867343068958781:0
[   54471ms] [WARNING] The resource https://discord.com/assets/ce3b8055f5114434.woff2 was preloaded using link preload but not used within a few seconds from the window's load event. Please make sure it has an appropriate `as` value and it is preloaded intentionally. @ https://discord.com/channels/1001852729725046804/1476867343068958781:0
[   54471ms] [WARNING] The resource https://discord.com/assets/cb2006dbced0e246.woff2 was preloaded using link preload but not used within a few seconds from the window's load event. Please make sure it has an appropriate `as` value and it is preloaded intentionally. @ https://discord.com/channels/1001852729725046804/1476867343068958781:0
[   54471ms] [WARNING] The resource https://discord.com/assets/7a6a566c2e88a35d.woff2 was preloaded using link preload but not used within a few seconds from the window's load event. Please make sure it has an appropriate `as` value and it is preloaded intentionally. @ https://discord.com/channels/1001852729725046804/1476867343068958781:0
[   54471ms] [WARNING] The resource https://discord.com/assets/e52f0cba712e2fb4.woff2 was preloaded using link preload but not used within a few seconds from the window's load event. Please make sure it has an appropriate `as` value and it is preloaded intentionally. @ https://discord.com/channels/1001852729725046804/1476867343068958781:0
[   54471ms] [WARNING] The resource https://discord.com/assets/dd24010f3cf7def7.woff2 was preloaded using link preload but not used within a few seconds from the window's load event. Please make sure it has an appropriate `as` value and it is preloaded intentionally. @ https://discord.com/channels/1001852729725046804/1476867343068958781:0
[   78622ms] [WARNING] The resource https://discord.com/assets/189422196a4f8b53.woff2 was preloaded using link preload but not used within a few seconds from the window's load event. Please make sure it has an appropriate `as` value and it is preloaded intentionally. @ https://discord.com/channels/1001852729725046804/1476867343068958781:0
[   78622ms] [WARNING] The resource https://discord.com/assets/ce3b8055f5114434.woff2 was preloaded using link preload but not used within a few seconds from the window's load event. Please make sure it has an appropriate `as` value and it is preloaded intentionally. @ https://discord.com/channels/1001852729725046804/1476867343068958781:0
[   78622ms] [WARNING] The resource https://discord.com/assets/cb2006dbced0e246.woff2 was preloaded using link preload but not used within a few seconds from the window's load event. Please make sure it has an appropriate `as` value and it is preloaded intentionally. @ https://discord.com/channels/1001852729725046804/1476867343068958781:0
[   78622ms] [WARNING] The resource https://discord.com/assets/7a6a566c2e88a35d.woff2 was preloaded using link preload but not used within a few seconds from the window's load event. Please make sure it has an appropriate `as` value and it is preloaded intentionally. @ https://discord.com/channels/1001852729725046804/1476867343068958781:0
[   78622ms] [WARNING] The resource https://discord.com/assets/e52f0cba712e2fb4.woff2 was preloaded using link preload but not used within a few seconds from the window's load event. Please make sure it has an appropriate `as` value and it is preloaded intentionally. @ https://discord.com/channels/1001852729725046804/1476867343068958781:0
[   78622ms] [WARNING] The resource https://discord.com/assets/dd24010f3cf7def7.woff2 was preloaded using link preload but not used within a few seconds from the window's load event. Please make sure it has an appropriate `as` value and it is preloaded intentionally. @ https://discord.com/channels/1001852729725046804/1476867343068958781:0
[  100067ms] [WARNING] The resource https://discord.com/assets/189422196a4f8b53.woff2 was preloaded using link preload but not used within a few seconds from the window's load event. Please make sure it has an appropriate `as` value and it is preloaded intentionally. @ https://discord.com/channels/1001852729725046804/1476867343068958781:0
[  100068ms] [WARNING] The resource https://discord.com/assets/ce3b8055f5114434.woff2 was preloaded using link preload but not used within a few seconds from the window's load event. Please make sure it has an appropriate `as` value and it is preloaded intentionally. @ https://discord.com/channels/1001852729725046804/1476867343068958781:0
[  100068ms] [WARNING] The resource https://discord.com/assets/cb2006dbced0e246.woff2 was preloaded using link preload but not used within a few seconds from the window's load event. Please make sure it has an appropriate `as` value and it is preloaded intentionally. @ https://discord.com/channels/1001852729725046804/1476867343068958781:0
[  100068ms] [WARNING] The resource https://discord.com/assets/7a6a566c2e88a35d.woff2 was preloaded using link preload but not used within a few seconds from the window's load event. Please make sure it has an appropriate `as` value and it is preloaded intentionally. @ https://discord.com/channels/1001852729725046804/1476867343068958781:0
[  100068ms] [WARNING] The resource https://discord.com/assets/e52f0cba712e2fb4.woff2 was preloaded using link preload but not used within a few seconds from the window's load event. Please make sure it has an appropriate `as` value and it is preloaded intentionally. @ https://discord.com/channels/1001852729725046804/1476867343068958781:0
[  100068ms] [WARNING] The resource https://discord.com/assets/dd24010f3cf7def7.woff2 was preloaded using link preload but not used within a few seconds from the window's load event. Please make sure it has an appropriate `as` value and it is preloaded intentionally. @ https://discord.com/channels/1001852729725046804/1476867343068958781:0
[  211769ms] Error: Got unexpected null or undefined
    at t.exports (https://discord.com/assets/f8e7c687d8b4cc91.js:1:140631)
    at t.exports (https://discord.com/assets/f8e7c687d8b4cc91.js:1:85767)
    at https://discord.com/assets/f8e7c687d8b4cc91.js:1:19376
    at uS (https://discord.com/assets/web.59e703358482dc72.js:12:1202047)
    at https://discord.com/assets/web.59e703358482dc72.js:12:1207022
    at tw (https://discord.com/assets/web.59e703358482dc72.js:12:1095089)
    at uO (https://discord.com/assets/web.59e703358482dc72.js:12:1203280)
    at cX (https://discord.com/assets/web.59e703358482dc72.js:12:1234262)
    at cq (https://discord.com/assets/web.59e703358482dc72.js:12:1234084)
    at HTMLDivElement.a (https://discord.com/assets/sentry.e97f400397346ab5.js:1:458878)
    at eval (eval at evaluate (:302:30), <anonymous>:6:12)
    at UtilityScript.evaluate (<anonymous>:304:16)
    at UtilityScript.<anonymous> (<anonymous>:1:44)
[  211800ms] Error: Got unexpected null or undefined
    at t.exports (https://discord.com/assets/f8e7c687d8b4cc91.js:1:140631)
    at t.exports (https://discord.com/assets/f8e7c687d8b4cc91.js:1:97688)
    at t.exports (https://discord.com/assets/f8e7c687d8b4cc91.js:1:96664)
    at t.exports (https://discord.com/assets/f8e7c687d8b4cc91.js:1:90655)
    at https://discord.com/assets/f8e7c687d8b4cc91.js:1:19376
    at uS (https://discord.com/assets/web.59e703358482dc72.js:12:1202047)
    at https://discord.com/assets/web.59e703358482dc72.js:12:1207022
    at tw (https://discord.com/assets/web.59e703358482dc72.js:12:1095089)
    at uO (https://discord.com/assets/web.59e703358482dc72.js:12:1203280)
    at cX (https://discord.com/assets/web.59e703358482dc72.js:12:1234262)
    at cq (https://discord.com/assets/web.59e703358482dc72.js:12:1234084)
    at HTMLDocument.a (https://discord.com/assets/sentry.e97f400397346ab5.js:1:458878)
[  214911ms] [WARNING] The resource https://discord.com/assets/189422196a4f8b53.woff2 was preloaded using link preload but not used within a few seconds from the window's load event. Please make sure it has an appropriate `as` value and it is preloaded intentionally. @ https://discord.com/channels/1001852729725046804/1476867343068958781:0
[  214911ms] [WARNING] The resource https://discord.com/assets/ce3b8055f5114434.woff2 was preloaded using link preload but not used within a few seconds from the window's load event. Please make sure it has an appropriate `as` value and it is preloaded intentionally. @ https://discord.com/channels/1001852729725046804/1476867343068958781:0
[  214911ms] [WARNING] The resource https://discord.com/assets/cb2006dbced0e246.woff2 was preloaded using link preload but not used within a few seconds from the window's load event. Please make sure it has an appropriate `as` value and it is preloaded intentionally. @ https://discord.com/channels/1001852729725046804/1476867343068958781:0
[  214911ms] [WARNING] The resource https://discord.com/assets/7a6a566c2e88a35d.woff2 was preloaded using link preload but not used within a few seconds from the window's load event. Please make sure it has an appropriate `as` value and it is preloaded intentionally. @ https://discord.com/channels/1001852729725046804/1476867343068958781:0
[  214911ms] [WARNING] The resource https://discord.com/assets/e52f0cba712e2fb4.woff2 was preloaded using link preload but not used within a few seconds from the window's load event. Please make sure it has an appropriate `as` value and it is preloaded intentionally. @ https://discord.com/channels/1001852729725046804/1476867343068958781:0
[  214911ms] [WARNING] The resource https://discord.com/assets/dd24010f3cf7def7.woff2 was preloaded using link preload but not used within a few seconds from the window's load event. Please make sure it has an appropriate `as` value and it is preloaded intentionally. @ https://discord.com/channels/1001852729725046804/1476867343068958781:0
[  229748ms] [WARNING] The resource https://discord.com/assets/189422196a4f8b53.woff2 was preloaded using link preload but not used within a few seconds from the window's load event. Please make sure it has an appropriate `as` value and it is preloaded intentionally. @ https://discord.com/channels/1001852729725046804/1476867343068958781:0
[  229748ms] [WARNING] The resource https://discord.com/assets/ce3b8055f5114434.woff2 was preloaded using link preload but not used within a few seconds from the window's load event. Please make sure it has an appropriate `as` value and it is preloaded intentionally. @ https://discord.com/channels/1001852729725046804/1476867343068958781:0
[  229748ms] [WARNING] The resource https://discord.com/assets/cb2006dbced0e246.woff2 was preloaded using link preload but not used within a few seconds from the window's load event. Please make sure it has an appropriate `as` value and it is preloaded intentionally. @ https://discord.com/channels/1001852729725046804/1476867343068958781:0
[  229748ms] [WARNING] The resource https://discord.com/assets/7a6a566c2e88a35d.woff2 was preloaded using link preload but not used within a few seconds from the window's load event. Please make sure it has an appropriate `as` value and it is preloaded intentionally. @ https://discord.com/channels/1001852729725046804/1476867343068958781:0
[  229748ms] [WARNING] The resource https://discord.com/assets/e52f0cba712e2fb4.woff2 was preloaded using link preload but not used within a few seconds from the window's load event. Please make sure it has an appropriate `as` value and it is preloaded intentionally. @ https://discord.com/channels/1001852729725046804/1476867343068958781:0
[  229748ms] [WARNING] The resource https://discord.com/assets/dd24010f3cf7def7.woff2 was preloaded using link preload but not used within a few seconds from the window's load event. Please make sure it has an appropriate `as` value and it is preloaded intentionally. @ https://discord.com/channels/1001852729725046804/1476867343068958781:0
[  232533ms] Error: Got unexpected null or undefined
    at t.exports (https://discord.com/assets/f8e7c687d8b4cc91.js:1:140631)
    at t.exports (https://discord.com/assets/f8e7c687d8b4cc91.js:1:97688)
    at t.exports (https://discord.com/assets/f8e7c687d8b4cc91.js:1:96664)
    at t.exports (https://discord.com/assets/f8e7c687d8b4cc91.js:1:90655)
    at https://discord.com/assets/f8e7c687d8b4cc91.js:1:19376
    at uS (https://discord.com/assets/web.59e703358482dc72.js:12:1202047)
    at https://discord.com/assets/web.59e703358482dc72.js:12:1207022
    at tw (https://discord.com/assets/web.59e703358482dc72.js:12:1095089)
    at uO (https://discord.com/assets/web.59e703358482dc72.js:12:1203280)
    at cX (https://discord.com/assets/web.59e703358482dc72.js:12:1234262)
    at cq (https://discord.com/assets/web.59e703358482dc72.js:12:1234084)
    at HTMLDivElement.a (https://discord.com/assets/sentry.e97f400397346ab5.js:1:458878)
[  232546ms] Error: Got unexpected null or undefined
    at t.exports (https://discord.com/assets/f8e7c687d8b4cc91.js:1:140631)
    at t.exports (https://discord.com/assets/f8e7c687d8b4cc91.js:1:97688)
    at t.exports (https://discord.com/assets/f8e7c687d8b4cc91.js:1:96664)
    at t.exports (https://discord.com/assets/f8e7c687d8b4cc91.js:1:90655)
    at https://discord.com/assets/f8e7c687d8b4cc91.js:1:19376
    at uS (https://discord.com/assets/web.59e703358482dc72.js:12:1202047)
    at https://discord.com/assets/web.59e703358482dc72.js:12:1207022
    at tw (https://discord.com/assets/web.59e703358482dc72.js:12:1095089)
    at uO (https://discord.com/assets/web.59e703358482dc72.js:12:1203280)
    at cX (https://discord.com/assets/web.59e703358482dc72.js:12:1234262)
    at cq (https://discord.com/assets/web.59e703358482dc72.js:12:1234084)
    at HTMLDivElement.a (https://discord.com/assets/sentry.e97f400397346ab5.js:1:458878)
[  232561ms] Error: Got unexpected null or undefined
    at t.exports (https://discord.com/assets/f8e7c687d8b4cc91.js:1:140631)
    at t.exports (https://discord.com/assets/f8e7c687d8b4cc91.js:1:97688)
    at t.exports (https://discord.com/assets/f8e7c687d8b4cc91.js:1:96664)
    at t.exports (https://discord.com/assets/f8e7c687d8b4cc91.js:1:90655)
    at https://discord.com/assets/f8e7c687d8b4cc91.js:1:19376
    at uS (https://discord.com/assets/web.59e703358482dc72.js:12:1202047)
    at https://discord.com/assets/web.59e703358482dc72.js:12:1207022
    at tw (https://discord.com/assets/web.59e703358482dc72.js:12:1095089)
    at uO (https://discord.com/assets/web.59e703358482dc72.js:12:1203280)
    at cX (https://discord.com/assets/web.59e703358482dc72.js:12:1234262)
    at cq (https://discord.com/assets/web.59e703358482dc72.js:12:1234084)
    at HTMLDivElement.a (https://discord.com/assets/sentry.e97f400397346ab5.js:1:458878)
[  235692ms] [WARNING] The resource https://discord.com/assets/189422196a4f8b53.woff2 was preloaded using link preload but not used within a few seconds from the window's load event. Please make sure it has an appropriate `as` value and it is preloaded intentionally. @ https://discord.com/channels/1001852729725046804/1476867343068958781:0
[  235692ms] [WARNING] The resource https://discord.com/assets/ce3b8055f5114434.woff2 was preloaded using link preload but not used within a few seconds from the window's load event. Please make sure it has an appropriate `as` value and it is preloaded intentionally. @ https://discord.com/channels/1001852729725046804/1476867343068958781:0
[  235692ms] [WARNING] The resource https://discord.com/assets/cb2006dbced0e246.woff2 was preloaded using link preload but not used within a few seconds from the window's load event. Please make sure it has an appropriate `as` value and it is preloaded intentionally. @ https://discord.com/channels/1001852729725046804/1476867343068958781:0
[  235692ms] [WARNING] The resource https://discord.com/assets/7a6a566c2e88a35d.woff2 was preloaded using link preload but not used within a few seconds from the window's load event. Please make sure it has an appropriate `as` value and it is preloaded intentionally. @ https://discord.com/channels/1001852729725046804/1476867343068958781:0
[  235692ms] [WARNING] The resource https://discord.com/assets/e52f0cba712e2fb4.woff2 was preloaded using link preload but not used within a few seconds from the window's load event. Please make sure it has an appropriate `as` value and it is preloaded intentionally. @ https://discord.com/channels/1001852729725046804/1476867343068958781:0
[  235692ms] [WARNING] The resource https://discord.com/assets/dd24010f3cf7def7.woff2 was preloaded using link preload but not used within a few seconds from the window's load event. Please make sure it has an appropriate `as` value and it is preloaded intentionally. @ https://discord.com/channels/1001852729725046804/1476867343068958781:0
[  242424ms] [WARNING] The resource https://discord.com/assets/189422196a4f8b53.woff2 was preloaded using link preload but not used within a few seconds from the window's load event. Please make sure it has an appropriate `as` value and it is preloaded intentionally. @ https://discord.com/channels/1001852729725046804/1476867343068958781:0
[  242424ms] [WARNING] The resource https://discord.com/assets/ce3b8055f5114434.woff2 was preloaded using link preload but not used within a few seconds from the window's load event. Please make sure it has an appropriate `as` value and it is preloaded intentionally. @ https://discord.com/channels/1001852729725046804/1476867343068958781:0
[  242424ms] [WARNING] The resource https://discord.com/assets/cb2006dbced0e246.woff2 was preloaded using link preload but not used within a few seconds from the window's load event. Please make sure it has an appropriate `as` value and it is preloaded intentionally. @ https://discord.com/channels/1001852729725046804/1476867343068958781:0
[  242424ms] [WARNING] The resource https://discord.com/assets/7a6a566c2e88a35d.woff2 was preloaded using link preload but not used within a few seconds from the window's load event. Please make sure it has an appropriate `as` value and it is preloaded intentionally. @ https://discord.com/channels/1001852729725046804/1476867343068958781:0
[  242424ms] [WARNING] The resource https://discord.com/assets/e52f0cba712e2fb4.woff2 was preloaded using link preload but not used within a few seconds from the window's load event. Please make sure it has an appropriate `as` value and it is preloaded intentionally. @ https://discord.com/channels/1001852729725046804/1476867343068958781:0
[  242424ms] [WARNING] The resource https://discord.com/assets/dd24010f3cf7def7.woff2 was preloaded using link preload but not used within a few seconds from the window's load event. Please make sure it has an appropriate `as` value and it is preloaded intentionally. @ https://discord.com/channels/1001852729725046804/1476867343068958781:0
[  253293ms] Error: Got unexpected null or undefined
    at t.exports (https://discord.com/assets/f8e7c687d8b4cc91.js:1:140631)
    at t.exports (https://discord.com/assets/f8e7c687d8b4cc91.js:1:97688)
    at t.exports (https://discord.com/assets/f8e7c687d8b4cc91.js:1:96664)
    at t.exports (https://discord.com/assets/f8e7c687d8b4cc91.js:1:90655)
    at https://discord.com/assets/f8e7c687d8b4cc91.js:1:19376
    at uS (https://discord.com/assets/web.59e703358482dc72.js:12:1202047)
    at https://discord.com/assets/web.59e703358482dc72.js:12:1207022
    at tw (https://discord.com/assets/web.59e703358482dc72.js:12:1095089)
    at uO (https://discord.com/assets/web.59e703358482dc72.js:12:1203280)
    at cX (https://discord.com/assets/web.59e703358482dc72.js:12:1234262)
    at cq (https://discord.com/assets/web.59e703358482dc72.js:12:1234084)
    at HTMLDivElement.a (https://discord.com/assets/sentry.e97f400397346ab5.js:1:458878)
[  256628ms] [WARNING] The resource https://discord.com/assets/189422196a4f8b53.woff2 was preloaded using link preload but not used within a few seconds from the window's load event. Please make sure it has an appropriate `as` value and it is preloaded intentionally. @ https://discord.com/channels/1001852729725046804/1476867343068958781:0
[  256629ms] [WARNING] The resource https://discord.com/assets/ce3b8055f5114434.woff2 was preloaded using link preload but not used within a few seconds from the window's load event. Please make sure it has an appropriate `as` value and it is preloaded intentionally. @ https://discord.com/channels/1001852729725046804/1476867343068958781:0
[  256629ms] [WARNING] The resource https://discord.com/assets/cb2006dbced0e246.woff2 was preloaded using link preload but not used within a few seconds from the window's load event. Please make sure it has an appropriate `as` value and it is preloaded intentionally. @ https://discord.com/channels/1001852729725046804/1476867343068958781:0
[  256629ms] [WARNING] The resource https://discord.com/assets/7a6a566c2e88a35d.woff2 was preloaded using link preload but not used within a few seconds from the window's load event. Please make sure it has an appropriate `as` value and it is preloaded intentionally. @ https://discord.com/channels/1001852729725046804/1476867343068958781:0
[  256629ms] [WARNING] The resource https://discord.com/assets/e52f0cba712e2fb4.woff2 was preloaded using link preload but not used within a few seconds from the window's load event. Please make sure it has an appropriate `as` value and it is preloaded intentionally. @ https://discord.com/channels/1001852729725046804/1476867343068958781:0
[  256629ms] [WARNING] The resource https://discord.com/assets/dd24010f3cf7def7.woff2 was preloaded using link preload but not used within a few seconds from the window's load event. Please make sure it has an appropriate `as` value and it is preloaded intentionally. @ https://discord.com/channels/1001852729725046804/1476867343068958781:0
[  297653ms] [WARNING] The resource https://discord.com/assets/189422196a4f8b53.woff2 was preloaded using link preload but not used within a few seconds from the window's load event. Please make sure it has an appropriate `as` value and it is preloaded intentionally. @ https://discord.com/channels/1001852729725046804/1476867343068958781:0
[  297654ms] [WARNING] The resource https://discord.com/assets/ce3b8055f5114434.woff2 was preloaded using link preload but not used within a few seconds from the window's load event. Please make sure it has an appropriate `as` value and it is preloaded intentionally. @ https://discord.com/channels/1001852729725046804/1476867343068958781:0
[  297654ms] [WARNING] The resource https://discord.com/assets/cb2006dbced0e246.woff2 was preloaded using link preload but not used within a few seconds from the window's load event. Please make sure it has an appropriate `as` value and it is preloaded intentionally. @ https://discord.com/channels/1001852729725046804/1476867343068958781:0
[  297654ms] [WARNING] The resource https://discord.com/assets/7a6a566c2e88a35d.woff2 was preloaded using link preload but not used within a few seconds from the window's load event. Please make sure it has an appropriate `as` value and it is preloaded intentionally. @ https://discord.com/channels/1001852729725046804/1476867343068958781:0
[  297654ms] [WARNING] The resource https://discord.com/assets/e52f0cba712e2fb4.woff2 was preloaded using link preload but not used within a few seconds from the window's load event. Please make sure it has an appropriate `as` value and it is preloaded intentionally. @ https://discord.com/channels/1001852729725046804/1476867343068958781:0
[  297654ms] [WARNING] The resource https://discord.com/assets/dd24010f3cf7def7.woff2 was preloaded using link preload but not used within a few seconds from the window's load event. Please make sure it has an appropriate `as` value and it is preloaded intentionally. @ https://discord.com/channels/1001852729725046804/1476867343068958781:0
[  304351ms] [WARNING] The resource https://discord.com/assets/189422196a4f8b53.woff2 was preloaded using link preload but not used within a few seconds from the window's load event. Please make sure it has an appropriate `as` value and it is preloaded intentionally. @ https://discord.com/channels/1001852729725046804/1476867343068958781:0
[  304351ms] [WARNING] The resource https://discord.com/assets/ce3b8055f5114434.woff2 was preloaded using link preload but not used within a few seconds from the window's load event. Please make sure it has an appropriate `as` value and it is preloaded intentionally. @ https://discord.com/channels/1001852729725046804/1476867343068958781:0
[  304351ms] [WARNING] The resource https://discord.com/assets/cb2006dbced0e246.woff2 was preloaded using link preload but not used within a few seconds from the window's load event. Please make sure it has an appropriate `as` value and it is preloaded intentionally. @ https://discord.com/channels/1001852729725046804/1476867343068958781:0
[  304351ms] [WARNING] The resource https://discord.com/assets/7a6a566c2e88a35d.woff2 was preloaded using link preload but not used within a few seconds from the window's load event. Please make sure it has an appropriate `as` value and it is preloaded intentionally. @ https://discord.com/channels/1001852729725046804/1476867343068958781:0
[  304351ms] [WARNING] The resource https://discord.com/assets/e52f0cba712e2fb4.woff2 was preloaded using link preload but not used within a few seconds from the window's load event. Please make sure it has an appropriate `as` value and it is preloaded intentionally. @ https://discord.com/channels/1001852729725046804/1476867343068958781:0
[  304351ms] [WARNING] The resource https://discord.com/assets/dd24010f3cf7def7.woff2 was preloaded using link preload but not used within a few seconds from the window's load event. Please make sure it has an appropriate `as` value and it is preloaded intentionally. @ https://discord.com/channels/1001852729725046804/1476867343068958781:0
[  313911ms] Error: Got unexpected null or undefined
    at t.exports (https://discord.com/assets/f8e7c687d8b4cc91.js:1:140631)
    at t.exports (https://discord.com/assets/f8e7c687d8b4cc91.js:1:97688)
    at t.exports (https://discord.com/assets/f8e7c687d8b4cc91.js:1:96664)
    at t.exports (https://discord.com/assets/f8e7c687d8b4cc91.js:1:90655)
    at https://discord.com/assets/f8e7c687d8b4cc91.js:1:19376
    at uS (https://discord.com/assets/web.59e703358482dc72.js:12:1202047)
    at https://discord.com/assets/web.59e703358482dc72.js:12:1207022
    at tw (https://discord.com/assets/web.59e703358482dc72.js:12:1095089)
    at uO (https://discord.com/assets/web.59e703358482dc72.js:12:1203280)
    at cX (https://discord.com/assets/web.59e703358482dc72.js:12:1234262)
    at cq (https://discord.com/assets/web.59e703358482dc72.js:12:1234084)
    at HTMLDivElement.a (https://discord.com/assets/sentry.e97f400397346ab5.js:1:458878)
[  313928ms] Error: Got unexpected null or undefined
    at t.exports (https://discord.com/assets/f8e7c687d8b4cc91.js:1:140631)
    at t.exports (https://discord.com/assets/f8e7c687d8b4cc91.js:1:97688)
    at t.exports (https://discord.com/assets/f8e7c687d8b4cc91.js:1:96664)
    at t.exports (https://discord.com/assets/f8e7c687d8b4cc91.js:1:90655)
    at https://discord.com/assets/f8e7c687d8b4cc91.js:1:19376
    at uS (https://discord.com/assets/web.59e703358482dc72.js:12:1202047)
    at https://discord.com/assets/web.59e703358482dc72.js:12:1207022
    at tw (https://discord.com/assets/web.59e703358482dc72.js:12:1095089)
    at uO (https://discord.com/assets/web.59e703358482dc72.js:12:1203280)
    at cX (https://discord.com/assets/web.59e703358482dc72.js:12:1234262)
    at cq (https://discord.com/assets/web.59e703358482dc72.js:12:1234084)
    at HTMLDivElement.a (https://discord.com/assets/sentry.e97f400397346ab5.js:1:458878)
[  313942ms] Error: Got unexpected null or undefined
    at t.exports (https://discord.com/assets/f8e7c687d8b4cc91.js:1:140631)
    at t.exports (https://discord.com/assets/f8e7c687d8b4cc91.js:1:97688)
    at t.exports (https://discord.com/assets/f8e7c687d8b4cc91.js:1:96664)
    at t.exports (https://discord.com/assets/f8e7c687d8b4cc91.js:1:90655)
    at https://discord.com/assets/f8e7c687d8b4cc91.js:1:19376
    at uS (https://discord.com/assets/web.59e703358482dc72.js:12:1202047)
    at https://discord.com/assets/web.59e703358482dc72.js:12:1207022
    at tw (https://discord.com/assets/web.59e703358482dc72.js:12:1095089)
    at uO (https://discord.com/assets/web.59e703358482dc72.js:12:1203280)
    at cX (https://discord.com/assets/web.59e703358482dc72.js:12:1234262)
    at cq (https://discord.com/assets/web.59e703358482dc72.js:12:1234084)
    at HTMLDivElement.a (https://discord.com/assets/sentry.e97f400397346ab5.js:1:458878)
[  313992ms] Error: Got unexpected null or undefined
    at t.exports (https://discord.com/assets/f8e7c687d8b4cc91.js:1:140631)
    at t.exports (https://discord.com/assets/f8e7c687d8b4cc91.js:1:97688)
    at t.exports (https://discord.com/assets/f8e7c687d8b4cc91.js:1:96664)
    at t.exports (https://discord.com/assets/f8e7c687d8b4cc91.js:1:90655)
    at https://discord.com/assets/f8e7c687d8b4cc91.js:1:19376
    at uS (https://discord.com/assets/web.59e703358482dc72.js:12:1202047)
    at https://discord.com/assets/web.59e703358482dc72.js:12:1207022
    at tw (https://discord.com/assets/web.59e703358482dc72.js:12:1095089)
    at uO (https://discord.com/assets/web.59e703358482dc72.js:12:1203280)
    at cX (https://discord.com/assets/web.59e703358482dc72.js:12:1234262)
    at cq (https://discord.com/assets/web.59e703358482dc72.js:12:1234084)
    at HTMLDivElement.a (https://discord.com/assets/sentry.e97f400397346ab5.js:1:458878)
[  314040ms] Error: Got unexpected null or undefined
    at t.exports (https://discord.com/assets/f8e7c687d8b4cc91.js:1:140631)
    at t.exports (https://discord.com/assets/f8e7c687d8b4cc91.js:1:97688)
    at t.exports (https://discord.com/assets/f8e7c687d8b4cc91.js:1:96664)
    at t.exports (https://discord.com/assets/f8e7c687d8b4cc91.js:1:90655)
    at https://discord.com/assets/f8e7c687d8b4cc91.js:1:19376
    at uS (https://discord.com/assets/web.59e703358482dc72.js:12:1202047)
    at https://discord.com/assets/web.59e703358482dc72.js:12:1207022
    at tw (https://discord.com/assets/web.59e703358482dc72.js:12:1095089)
    at uO (https://discord.com/assets/web.59e703358482dc72.js:12:1203280)
    at cX (https://discord.com/assets/web.59e703358482dc72.js:12:1234262)
    at cq (https://discord.com/assets/web.59e703358482dc72.js:12:1234084)
    at HTMLDivElement.a (https://discord.com/assets/sentry.e97f400397346ab5.js:1:458878)
[  314088ms] Error: Got unexpected null or undefined
    at t.exports (https://discord.com/assets/f8e7c687d8b4cc91.js:1:140631)
    at t.exports (https://discord.com/assets/f8e7c687d8b4cc91.js:1:97688)
    at t.exports (https://discord.com/assets/f8e7c687d8b4cc91.js:1:96664)
    at t.exports (https://discord.com/assets/f8e7c687d8b4cc91.js:1:90655)
    at https://discord.com/assets/f8e7c687d8b4cc91.js:1:19376
    at uS (https://discord.com/assets/web.59e703358482dc72.js:12:1202047)
    at https://discord.com/assets/web.59e703358482dc72.js:12:1207022
    at tw (https://discord.com/assets/web.59e703358482dc72.js:12:1095089)
    at uO (https://discord.com/assets/web.59e703358482dc72.js:12:1203280)
    at cX (https://discord.com/assets/web.59e703358482dc72.js:12:1234262)
    at cq (https://discord.com/assets/web.59e703358482dc72.js:12:1234084)
    at HTMLDivElement.a (https://discord.com/assets/sentry.e97f400397346ab5.js:1:458878)
[  314156ms] Error: Got unexpected null or undefined
    at t.exports (https://discord.com/assets/f8e7c687d8b4cc91.js:1:140631)
    at t.exports (https://discord.com/assets/f8e7c687d8b4cc91.js:1:97688)
    at t.exports (https://discord.com/assets/f8e7c687d8b4cc91.js:1:96664)
    at t.exports (https://discord.com/assets/f8e7c687d8b4cc91.js:1:90655)
    at https://discord.com/assets/f8e7c687d8b4cc91.js:1:19376
    at uS (https://discord.com/assets/web.59e703358482dc72.js:12:1202047)
    at https://discord.com/assets/web.59e703358482dc72.js:12:1207022
    at tw (https://discord.com/assets/web.59e703358482dc72.js:12:1095089)
    at uO (https://discord.com/assets/web.59e703358482dc72.js:12:1203280)
    at cX (https://discord.com/assets/web.59e703358482dc72.js:12:1234262)
    at cq (https://discord.com/assets/web.59e703358482dc72.js:12:1234084)
    at HTMLDivElement.a (https://discord.com/assets/sentry.e97f400397346ab5.js:1:458878)
[  314220ms] Error: Got unexpected null or undefined
    at t.exports (https://discord.com/assets/f8e7c687d8b4cc91.js:1:140631)
    at t.exports (https://discord.com/assets/f8e7c687d8b4cc91.js:1:97688)
    at t.exports (https://discord.com/assets/f8e7c687d8b4cc91.js:1:96664)
    at t.exports (https://discord.com/assets/f8e7c687d8b4cc91.js:1:90655)
    at https://discord.com/assets/f8e7c687d8b4cc91.js:1:19376
    at uS (https://discord.com/assets/web.59e703358482dc72.js:12:1202047)
    at https://discord.com/assets/web.59e703358482dc72.js:12:1207022
    at tw (https://discord.com/assets/web.59e703358482dc72.js:12:1095089)
    at uO (https://discord.com/assets/web.59e703358482dc72.js:12:1203280)
    at cX (https://discord.com/assets/web.59e703358482dc72.js:12:1234262)
    at cq (https://discord.com/assets/web.59e703358482dc72.js:12:1234084)
    at HTMLDivElement.a (https://discord.com/assets/sentry.e97f400397346ab5.js:1:458878)
[  314267ms] Error: Got unexpected null or undefined
    at t.exports (https://discord.com/assets/f8e7c687d8b4cc91.js:1:140631)
    at t.exports (https://discord.com/assets/f8e7c687d8b4cc91.js:1:97688)
    at t.exports (https://discord.com/assets/f8e7c687d8b4cc91.js:1:96664)
    at t.exports (https://discord.com/assets/f8e7c687d8b4cc91.js:1:90655)
    at https://discord.com/assets/f8e7c687d8b4cc91.js:1:19376
    at uS (https://discord.com/assets/web.59e703358482dc72.js:12:1202047)
    at https://discord.com/assets/web.59e703358482dc72.js:12:1207022
    at tw (https://discord.com/assets/web.59e703358482dc72.js:12:1095089)
    at uO (https://discord.com/assets/web.59e703358482dc72.js:12:1203280)
    at cX (https://discord.com/assets/web.59e703358482dc72.js:12:1234262)
    at cq (https://discord.com/assets/web.59e703358482dc72.js:12:1234084)
    at HTMLDivElement.a (https://discord.com/assets/sentry.e97f400397346ab5.js:1:458878)
[  314314ms] Error: Got unexpected null or undefined
    at t.exports (https://discord.com/assets/f8e7c687d8b4cc91.js:1:140631)
    at t.exports (https://discord.com/assets/f8e7c687d8b4cc91.js:1:97688)
    at t.exports (https://discord.com/assets/f8e7c687d8b4cc91.js:1:96664)
    at t.exports (https://discord.com/assets/f8e7c687d8b4cc91.js:1:90655)
    at https://discord.com/assets/f8e7c687d8b4cc91.js:1:19376
    at uS (https://discord.com/assets/web.59e703358482dc72.js:12:1202047)
    at https://discord.com/assets/web.59e703358482dc72.js:12:1207022
    at tw (https://discord.com/assets/web.59e703358482dc72.js:12:1095089)
    at uO (https://discord.com/assets/web.59e703358482dc72.js:12:1203280)
    at cX (https://discord.com/assets/web.59e703358482dc72.js:12:1234262)
    at cq (https://discord.com/assets/web.59e703358482dc72.js:12:1234084)
    at HTMLDivElement.a (https://discord.com/assets/sentry.e97f400397346ab5.js:1:458878)
[  314362ms] Error: Got unexpected null or undefined
    at t.exports (https://discord.com/assets/f8e7c687d8b4cc91.js:1:140631)
    at t.exports (https://discord.com/assets/f8e7c687d8b4cc91.js:1:97688)
    at t.exports (https://discord.com/assets/f8e7c687d8b4cc91.js:1:96664)
    at t.exports (https://discord.com/assets/f8e7c687d8b4cc91.js:1:90655)
    at https://discord.com/assets/f8e7c687d8b4cc91.js:1:19376
    at uS (https://discord.com/assets/web.59e703358482dc72.js:12:1202047)
    at https://discord.com/assets/web.59e703358482dc72.js:12:1207022
    at tw (https://discord.com/assets/web.59e703358482dc72.js:12:1095089)
    at uO (https://discord.com/assets/web.59e703358482dc72.js:12:1203280)
    at cX (https://discord.com/assets/web.59e703358482dc72.js:12:1234262)
    at cq (https://discord.com/assets/web.59e703358482dc72.js:12:1234084)
    at HTMLDivElement.a (https://discord.com/assets/sentry.e97f400397346ab5.js:1:458878)
[  314391ms] Error: Got unexpected null or undefined
    at t.exports (https://discord.com/assets/f8e7c687d8b4cc91.js:1:140631)
    at t.exports (https://discord.com/assets/f8e7c687d8b4cc91.js:1:97688)
    at t.exports (https://discord.com/assets/f8e7c687d8b4cc91.js:1:96664)
    at t.exports (https://discord.com/assets/f8e7c687d8b4cc91.js:1:90655)
    at https://discord.com/assets/f8e7c687d8b4cc91.js:1:19376
    at uS (https://discord.com/assets/web.59e703358482dc72.js:12:1202047)
    at https://discord.com/assets/web.59e703358482dc72.js:12:1207022
    at tw (https://discord.com/assets/web.59e703358482dc72.js:12:1095089)
    at uO (https://discord.com/assets/web.59e703358482dc72.js:12:1203280)
    at cX (https://discord.com/assets/web.59e703358482dc72.js:12:1234262)
    at cq (https://discord.com/assets/web.59e703358482dc72.js:12:1234084)
    at HTMLDivElement.a (https://discord.com/assets/sentry.e97f400397346ab5.js:1:458878)
[  317939ms] [WARNING] The resource https://discord.com/assets/189422196a4f8b53.woff2 was preloaded using link preload but not used within a few seconds from the window's load event. Please make sure it has an appropriate `as` value and it is preloaded intentionally. @ https://discord.com/channels/1001852729725046804/1476867343068958781:0
[  317939ms] [WARNING] The resource https://discord.com/assets/ce3b8055f5114434.woff2 was preloaded using link preload but not used within a few seconds from the window's load event. Please make sure it has an appropriate `as` value and it is preloaded intentionally. @ https://discord.com/channels/1001852729725046804/1476867343068958781:0
[  317939ms] [WARNING] The resource https://discord.com/assets/cb2006dbced0e246.woff2 was preloaded using link preload but not used within a few seconds from the window's load event. Please make sure it has an appropriate `as` value and it is preloaded intentionally. @ https://discord.com/channels/1001852729725046804/1476867343068958781:0
[  317939ms] [WARNING] The resource https://discord.com/assets/7a6a566c2e88a35d.woff2 was preloaded using link preload but not used within a few seconds from the window's load event. Please make sure it has an appropriate `as` value and it is preloaded intentionally. @ https://discord.com/channels/1001852729725046804/1476867343068958781:0
[  317939ms] [WARNING] The resource https://discord.com/assets/e52f0cba712e2fb4.woff2 was preloaded using link preload but not used within a few seconds from the window's load event. Please make sure it has an appropriate `as` value and it is preloaded intentionally. @ https://discord.com/channels/1001852729725046804/1476867343068958781:0
[  317939ms] [WARNING] The resource https://discord.com/assets/dd24010f3cf7def7.woff2 was preloaded using link preload but not used within a few seconds from the window's load event. Please make sure it has an appropriate `as` value and it is preloaded intentionally. @ https://discord.com/channels/1001852729725046804/1476867343068958781:0
[  326645ms] [WARNING] The resource https://discord.com/assets/189422196a4f8b53.woff2 was preloaded using link preload but not used within a few seconds from the window's load event. Please make sure it has an appropriate `as` value and it is preloaded intentionally. @ https://discord.com/channels/1001852729725046804/1476867343068958781:0
[  326645ms] [WARNING] The resource https://discord.com/assets/ce3b8055f5114434.woff2 was preloaded using link preload but not used within a few seconds from the window's load event. Please make sure it has an appropriate `as` value and it is preloaded intentionally. @ https://discord.com/channels/1001852729725046804/1476867343068958781:0
[  326645ms] [WARNING] The resource https://discord.com/assets/cb2006dbced0e246.woff2 was preloaded using link preload but not used within a few seconds from the window's load event. Please make sure it has an appropriate `as` value and it is preloaded intentionally. @ https://discord.com/channels/1001852729725046804/1476867343068958781:0
[  326645ms] [WARNING] The resource https://discord.com/assets/7a6a566c2e88a35d.woff2 was preloaded using link preload but not used within a few seconds from the window's load event. Please make sure it has an appropriate `as` value and it is preloaded intentionally. @ https://discord.com/channels/1001852729725046804/1476867343068958781:0
[  326645ms] [WARNING] The resource https://discord.com/assets/e52f0cba712e2fb4.woff2 was preloaded using link preload but not used within a few seconds from the window's load event. Please make sure it has an appropriate `as` value and it is preloaded intentionally. @ https://discord.com/channels/1001852729725046804/1476867343068958781:0
[  326645ms] [WARNING] The resource https://discord.com/assets/dd24010f3cf7def7.woff2 was preloaded using link preload but not used within a few seconds from the window's load event. Please make sure it has an appropriate `as` value and it is preloaded intentionally. @ https://discord.com/channels/1001852729725046804/1476867343068958781:0
[  329903ms] [WARNING] The resource https://discord.com/assets/189422196a4f8b53.woff2 was preloaded using link preload but not used within a few seconds from the window's load event. Please make sure it has an appropriate `as` value and it is preloaded intentionally. @ https://discord.com/channels/1001852729725046804/1476867343068958781:0
[  329903ms] [WARNING] The resource https://discord.com/assets/ce3b8055f5114434.woff2 was preloaded using link preload but not used within a few seconds from the window's load event. Please make sure it has an appropriate `as` value and it is preloaded intentionally. @ https://discord.com/channels/1001852729725046804/1476867343068958781:0
[  329903ms] [WARNING] The resource https://discord.com/assets/cb2006dbced0e246.woff2 was preloaded using link preload but not used within a few seconds from the window's load event. Please make sure it has an appropriate `as` value and it is preloaded intentionally. @ https://discord.com/channels/1001852729725046804/1476867343068958781:0
[  329903ms] [WARNING] The resource https://discord.com/assets/7a6a566c2e88a35d.woff2 was preloaded using link preload but not used within a few seconds from the window's load event. Please make sure it has an appropriate `as` value and it is preloaded intentionally. @ https://discord.com/channels/1001852729725046804/1476867343068958781:0
[  329903ms] [WARNING] The resource https://discord.com/assets/e52f0cba712e2fb4.woff2 was preloaded using link preload but not used within a few seconds from the window's load event. Please make sure it has an appropriate `as` value and it is preloaded intentionally. @ https://discord.com/channels/1001852729725046804/1476867343068958781:0
[  329903ms] [WARNING] The resource https://discord.com/assets/dd24010f3cf7def7.woff2 was preloaded using link preload but not used within a few seconds from the window's load event. Please make sure it has an appropriate `as` value and it is preloaded intentionally. @ https://discord.com/channels/1001852729725046804/1476867343068958781:0
[  338441ms] [WARNING] The resource https://discord.com/assets/189422196a4f8b53.woff2 was preloaded using link preload but not used within a few seconds from the window's load event. Please make sure it has an appropriate `as` value and it is preloaded intentionally. @ https://discord.com/channels/1001852729725046804/1476867343068958781:0
[  338441ms] [WARNING] The resource https://discord.com/assets/ce3b8055f5114434.woff2 was preloaded using link preload but not used within a few seconds from the window's load event. Please make sure it has an appropriate `as` value and it is preloaded intentionally. @ https://discord.com/channels/1001852729725046804/1476867343068958781:0
[  338441ms] [WARNING] The resource https://discord.com/assets/cb2006dbced0e246.woff2 was preloaded using link preload but not used within a few seconds from the window's load event. Please make sure it has an appropriate `as` value and it is preloaded intentionally. @ https://discord.com/channels/1001852729725046804/1476867343068958781:0
[  338441ms] [WARNING] The resource https://discord.com/assets/7a6a566c2e88a35d.woff2 was preloaded using link preload but not used within a few seconds from the window's load event. Please make sure it has an appropriate `as` value and it is preloaded intentionally. @ https://discord.com/channels/1001852729725046804/1476867343068958781:0
[  338441ms] [WARNING] The resource https://discord.com/assets/e52f0cba712e2fb4.woff2 was preloaded using link preload but not used within a few seconds from the window's load event. Please make sure it has an appropriate `as` value and it is preloaded intentionally. @ https://discord.com/channels/1001852729725046804/1476867343068958781:0
[  338441ms] [WARNING] The resource https://discord.com/assets/dd24010f3cf7def7.woff2 was preloaded using link preload but not used within a few seconds from the window's load event. Please make sure it has an appropriate `as` value and it is preloaded intentionally. @ https://discord.com/channels/1001852729725046804/1476867343068958781:0
[  373862ms] [WARNING] The resource https://discord.com/assets/189422196a4f8b53.woff2 was preloaded using link preload but not used within a few seconds from the window's load event. Please make sure it has an appropriate `as` value and it is preloaded intentionally. @ https://discord.com/channels/1001852729725046804/1476867343068958781:0
[  373862ms] [WARNING] The resource https://discord.com/assets/ce3b8055f5114434.woff2 was preloaded using link preload but not used within a few seconds from the window's load event. Please make sure it has an appropriate `as` value and it is preloaded intentionally. @ https://discord.com/channels/1001852729725046804/1476867343068958781:0
[  373863ms] [WARNING] The resource https://discord.com/assets/cb2006dbced0e246.woff2 was preloaded using link preload but not used within a few seconds from the window's load event. Please make sure it has an appropriate `as` value and it is preloaded intentionally. @ https://discord.com/channels/1001852729725046804/1476867343068958781:0
[  373863ms] [WARNING] The resource https://discord.com/assets/7a6a566c2e88a35d.woff2 was preloaded using link preload but not used within a few seconds from the window's load event. Please make sure it has an appropriate `as` value and it is preloaded intentionally. @ https://discord.com/channels/1001852729725046804/1476867343068958781:0
[  373863ms] [WARNING] The resource https://discord.com/assets/e52f0cba712e2fb4.woff2 was preloaded using link preload but not used within a few seconds from the window's load event. Please make sure it has an appropriate `as` value and it is preloaded intentionally. @ https://discord.com/channels/1001852729725046804/1476867343068958781:0
[  373863ms] [WARNING] The resource https://discord.com/assets/dd24010f3cf7def7.woff2 was preloaded using link preload but not used within a few seconds from the window's load event. Please make sure it has an appropriate `as` value and it is preloaded intentionally. @ https://discord.com/channels/1001852729725046804/1476867343068958781:0
[  420550ms] [WARNING] The resource https://discord.com/assets/189422196a4f8b53.woff2 was preloaded using link preload but not used within a few seconds from the window's load event. Please make sure it has an appropriate `as` value and it is preloaded intentionally. @ https://discord.com/channels/1001852729725046804/1476867343068958781:0
[  420551ms] [WARNING] The resource https://discord.com/assets/ce3b8055f5114434.woff2 was preloaded using link preload but not used within a few seconds from the window's load event. Please make sure it has an appropriate `as` value and it is preloaded intentionally. @ https://discord.com/channels/1001852729725046804/1476867343068958781:0
[  420551ms] [WARNING] The resource https://discord.com/assets/cb2006dbced0e246.woff2 was preloaded using link preload but not used within a few seconds from the window's load event. Please make sure it has an appropriate `as` value and it is preloaded intentionally. @ https://discord.com/channels/1001852729725046804/1476867343068958781:0
[  420551ms] [WARNING] The resource https://discord.com/assets/7a6a566c2e88a35d.woff2 was preloaded using link preload but not used within a few seconds from the window's load event. Please make sure it has an appropriate `as` value and it is preloaded intentionally. @ https://discord.com/channels/1001852729725046804/1476867343068958781:0
[  420551ms] [WARNING] The resource https://discord.com/assets/e52f0cba712e2fb4.woff2 was preloaded using link preload but not used within a few seconds from the window's load event. Please make sure it has an appropriate `as` value and it is preloaded intentionally. @ https://discord.com/channels/1001852729725046804/1476867343068958781:0
[  420551ms] [WARNING] The resource https://discord.com/assets/dd24010f3cf7def7.woff2 was preloaded using link preload but not used within a few seconds from the window's load event. Please make sure it has an appropriate `as` value and it is preloaded intentionally. @ https://discord.com/channels/1001852729725046804/1476867343068958781:0
